TN:
SF:./front-end/resources/js/core/core.module.js
FN:1,(anonymous_1)
FNF:1
FNH:1
FNDA:1,(anonymous_1)
DA:1,1
DA:4,1
LF:2
LH:2
BRF:0
BRH:0
end_of_record
TN:
SF:./front-end/resources/js/exception/exception.module.js
FN:1,(anonymous_1)
FNF:1
FNH:1
FNDA:1,(anonymous_1)
DA:1,1
DA:4,1
LF:2
LH:2
BRF:0
BRH:0
end_of_record
TN:
SF:./front-end/resources/js/layout/layout.module.js
FN:1,(anonymous_1)
FNF:1
FNH:1
FNDA:1,(anonymous_1)
DA:1,1
DA:4,1
LF:2
LH:2
BRF:0
BRH:0
end_of_record
TN:
SF:./front-end/resources/js/logger/logger.module.js
FN:1,(anonymous_1)
FNF:1
FNH:1
FNDA:1,(anonymous_1)
DA:1,1
DA:4,1
LF:2
LH:2
BRF:0
BRH:0
end_of_record
TN:
SF:./front-end/resources/js/promise-request/request.module.js
FN:1,(anonymous_1)
FNF:1
FNH:1
FNDA:1,(anonymous_1)
DA:1,1
DA:4,1
LF:2
LH:2
BRF:0
BRH:0
end_of_record
TN:
SF:./front-end/resources/js/promise/promise.module.js
FN:1,(anonymous_1)
FNF:1
FNH:1
FNDA:1,(anonymous_1)
DA:1,1
DA:4,1
LF:2
LH:2
BRF:0
BRH:0
end_of_record
TN:
SF:./front-end/resources/js/router/router.module.js
FN:1,(anonymous_1)
FNF:1
FNH:1
FNDA:1,(anonymous_1)
DA:1,1
DA:4,1
LF:2
LH:2
BRF:0
BRH:0
end_of_record
TN:
SF:./front-end/resources/js/routes/client/main/main.module.js
FN:1,(anonymous_1)
FNF:1
FNH:1
FNDA:1,(anonymous_1)
DA:1,1
DA:4,1
LF:2
LH:2
BRF:0
BRH:0
end_of_record
TN:
SF:./front-end/resources/js/routes/client/user.login/login.module.js
FN:1,(anonymous_1)
FNF:1
FNH:1
FNDA:1,(anonymous_1)
DA:1,1
DA:4,1
LF:2
LH:2
BRF:0
BRH:0
end_of_record
TN:
SF:./front-end/resources/js/routes/client/user.signup/signup.module.js
FN:1,(anonymous_1)
FNF:1
FNH:1
FNDA:1,(anonymous_1)
DA:1,1
DA:4,1
LF:2
LH:2
BRF:0
BRH:0
end_of_record
TN:
SF:./front-end/resources/js/services/services.module.js
FN:1,(anonymous_1)
FNF:1
FNH:1
FNDA:1,(anonymous_1)
DA:1,1
DA:4,1
LF:2
LH:2
BRF:0
BRH:0
end_of_record
TN:
SF:./front-end/resources/js/widgets/widgets.module.js
FN:1,(anonymous_1)
FNF:1
FNH:1
FNDA:1,(anonymous_1)
DA:1,1
DA:4,1
LF:2
LH:2
BRF:0
BRH:0
end_of_record
TN:
SF:./front-end/resources/js/app.js
FN:1,(anonymous_1)
FNF:1
FNH:1
FNDA:1,(anonymous_1)
DA:1,1
DA:4,1
LF:2
LH:2
BRF:0
BRH:0
end_of_record
TN:
SF:./front-end/resources/js/constants/constants.js
FNF:0
FNH:0
DA:1,1
LF:1
LH:1
BRF:0
BRH:0
end_of_record
TN:
SF:./front-end/resources/js/core/config.js
FN:1,(anonymous_1)
FN:19,toastrConfig
FN:26,registerNsignInConfig
FN:46,configure
FNF:4
FNH:4
FNDA:1,(anonymous_1)
FNDA:9,toastrConfig
FNDA:9,registerNsignInConfig
FNDA:9,configure
DA:1,1
DA:4,1
DA:10,1
DA:17,1
DA:19,1
DA:20,9
DA:21,9
DA:24,1
DA:26,1
DA:27,9
DA:28,9
DA:29,9
DA:30,9
DA:32,9
DA:37,9
DA:43,1
DA:46,1
DA:48,9
DA:49,9
DA:50,9
DA:52,9
LF:21
LH:21
BRF:0
BRH:0
end_of_record
TN:
SF:./front-end/resources/js/core/constants.js
FN:2,(anonymous_1)
FNF:1
FNH:1
FNDA:1,(anonymous_1)
DA:2,1
DA:5,1
LF:2
LH:2
BRF:0
BRH:0
end_of_record
TN:
SF:./front-end/resources/js/exception/exception-handler.provider.js
FN:3,(anonymous_1)
FN:17,exceptionHandlerProvider
FN:23,(anonymous_3)
FN:27,(anonymous_4)
FN:41,config
FN:52,extendExceptionHandler
FN:53,(anonymous_7)
FNF:7
FNH:7
FNDA:1,(anonymous_1)
FNDA:17,exceptionHandlerProvider
FNDA:14,(anonymous_3)
FNDA:19,(anonymous_4)
FNDA:17,config
FNDA:17,extendExceptionHandler
FNDA:1,(anonymous_7)
DA:3,1
DA:6,1
DA:11,1
DA:17,1
DA:19,17
DA:23,17
DA:24,14
DA:27,17
DA:28,19
DA:40,1
DA:41,1
DA:42,17
DA:52,1
DA:53,17
DA:54,1
DA:55,1
DA:56,1
DA:58,1
DA:59,1
LF:19
LH:19
BRF:0
BRH:0
end_of_record
TN:
SF:./front-end/resources/js/exception/exception.js
FN:1,(anonymous_1)
FN:10,exception
FN:16,catcher
FN:17,(anonymous_4)
FNF:4
FNH:2
FNDA:1,(anonymous_1)
FNDA:4,exception
FNDA:0,catcher
FNDA:0,(anonymous_4)
DA:1,1
DA:4,1
DA:8,1
DA:10,1
DA:11,4
DA:14,4
DA:16,1
DA:17,0
DA:18,0
LF:9
LH:7
BRF:0
BRH:0
end_of_record
TN:
SF:./front-end/resources/js/layout/shell.js
FN:1,(anonymous_1)
FN:10,Shell
FN:18,activate
FN:23,hideSplash
FN:25,(anonymous_5)
FNF:5
FNH:1
FNDA:1,(anonymous_1)
FNDA:0,Shell
FNDA:0,activate
FNDA:0,hideSplash
FNDA:0,(anonymous_5)
DA:1,1
DA:4,1
DA:8,1
DA:10,1
DA:12,0
DA:14,0
DA:15,0
DA:17,0
DA:18,1
DA:19,0
DA:20,0
DA:23,1
DA:25,0
DA:26,0
LF:14
LH:6
BRF:0
BRH:0
end_of_record
TN:
SF:./front-end/resources/js/logger/logger.js
FN:1,(anonymous_1)
FN:10,logger
FN:23,error
FN:30,info
FN:37,success
FN:44,warning
FNF:6
FNH:4
FNDA:1,(anonymous_1)
FNDA:17,logger
FNDA:1,error
FNDA:2,info
FNDA:0,success
FNDA:0,warning
DA:1,1
DA:4,1
DA:8,1
DA:10,1
DA:11,17
DA:21,17
DA:23,1
DA:24,1
DA:25,1
DA:26,1
DA:30,1
DA:31,2
DA:32,2
DA:33,2
DA:37,1
DA:38,0
DA:39,0
DA:40,0
DA:44,1
DA:45,0
DA:46,0
DA:47,0
LF:22
LH:16
BRDA:24,1,0,1
BRDA:24,1,1,0
BRDA:31,2,0,2
BRDA:31,2,1,0
BRDA:38,3,0,0
BRDA:38,3,1,0
BRDA:45,4,0,0
BRDA:45,4,1,0
BRF:8
BRH:2
end_of_record
TN:
SF:./front-end/resources/js/promise-request/withParams.js
FN:1,(anonymous_1)
FN:10,withParams
FN:20,HTTPGET
FN:24,(anonymous_4)
FN:31,HTTPGETCALLBACK
FN:54,HTTPUT
FN:58,(anonymous_7)
FN:65,HTTPUTCALLBACK
FN:70,HTTPDELETE
FN:74,(anonymous_10)
FN:81,HTTPDELETECALLBACK
FNF:11
FNH:1
FNDA:1,(anonymous_1)
FNDA:0,withParams
FNDA:0,HTTPGET
FNDA:0,(anonymous_4)
FNDA:0,HTTPGETCALLBACK
FNDA:0,HTTPUT
FNDA:0,(anonymous_7)
FNDA:0,HTTPUTCALLBACK
FNDA:0,HTTPDELETE
FNDA:0,(anonymous_10)
FNDA:0,HTTPDELETECALLBACK
DA:1,1
DA:4,1
DA:8,1
DA:10,1
DA:11,0
DA:18,0
DA:20,1
DA:21,0
DA:25,0
DA:26,0
DA:28,0
DA:31,1
DA:32,0
DA:54,1
DA:55,0
DA:59,0
DA:60,0
DA:62,0
DA:65,1
DA:66,0
DA:70,1
DA:71,0
DA:75,0
DA:76,0
DA:78,0
DA:81,1
DA:82,0
LF:27
LH:10
BRF:0
BRH:0
end_of_record
TN:
SF:./front-end/resources/js/promise-request/withQuery.js
FN:1,(anonymous_1)
FN:10,withQuery
FN:18,HTTPGET
FN:22,(anonymous_4)
FN:27,HTTPGETCALLBACK
FN:32,HTTPOST
FN:36,(anonymous_7)
FN:41,HTTPOSTCALLBACK
FNF:8
FNH:2
FNDA:1,(anonymous_1)
FNDA:4,withQuery
FNDA:0,HTTPGET
FNDA:0,(anonymous_4)
FNDA:0,HTTPGETCALLBACK
FNDA:0,HTTPOST
FNDA:0,(anonymous_7)
FNDA:0,HTTPOSTCALLBACK
DA:1,1
DA:4,1
DA:8,1
DA:10,1
DA:11,4
DA:16,4
DA:18,1
DA:19,0
DA:23,0
DA:24,0
DA:27,1
DA:28,0
DA:32,1
DA:33,0
DA:37,0
DA:38,0
DA:41,1
DA:42,0
LF:18
LH:10
BRF:0
BRH:0
end_of_record
TN:
SF:./front-end/resources/js/promise/deleteDataParams.js
FN:1,(anonymous_1)
FN:10,DeleteDataParams
FN:11,(anonymous_3)
FN:12,(anonymous_4)
FN:13,(anonymous_5)
FN:16,(anonymous_6)
FNF:6
FNH:1
FNDA:1,(anonymous_1)
FNDA:0,DeleteDataParams
FNDA:0,(anonymous_3)
FNDA:0,(anonymous_4)
FNDA:0,(anonymous_5)
FNDA:0,(anonymous_6)
DA:1,1
DA:4,1
DA:8,1
DA:10,1
DA:11,0
DA:12,0
DA:13,0
DA:14,0
DA:17,0
LF:9
LH:4
BRF:0
BRH:0
end_of_record
TN:
SF:./front-end/resources/js/promise/getDataParams.js
FN:1,(anonymous_1)
FN:10,GetDataParams
FN:11,(anonymous_3)
FN:12,(anonymous_4)
FN:13,(anonymous_5)
FN:16,(anonymous_6)
FNF:6
FNH:1
FNDA:1,(anonymous_1)
FNDA:0,GetDataParams
FNDA:0,(anonymous_3)
FNDA:0,(anonymous_4)
FNDA:0,(anonymous_5)
FNDA:0,(anonymous_6)
DA:1,1
DA:4,1
DA:8,1
DA:10,1
DA:11,0
DA:12,0
DA:13,0
DA:14,0
DA:17,0
LF:9
LH:4
BRF:0
BRH:0
end_of_record
TN:
SF:./front-end/resources/js/promise/getDataQuery.js
FN:1,(anonymous_1)
FN:10,GetDataQuery
FN:11,(anonymous_3)
FN:12,(anonymous_4)
FN:13,(anonymous_5)
FN:16,(anonymous_6)
FNF:6
FNH:4
FNDA:1,(anonymous_1)
FNDA:4,GetDataQuery
FNDA:1,(anonymous_3)
FNDA:1,(anonymous_4)
FNDA:0,(anonymous_5)
FNDA:0,(anonymous_6)
DA:1,1
DA:4,1
DA:8,1
DA:10,1
DA:11,4
DA:12,1
DA:13,1
DA:14,0
DA:17,0
LF:9
LH:7
BRF:0
BRH:0
end_of_record
TN:
SF:./front-end/resources/js/promise/postDataParams.js
FN:1,(anonymous_1)
FN:10,PostDataParams
FN:11,(anonymous_3)
FN:12,(anonymous_4)
FN:13,(anonymous_5)
FN:16,(anonymous_6)
FNF:6
FNH:1
FNDA:1,(anonymous_1)
FNDA:0,PostDataParams
FNDA:0,(anonymous_3)
FNDA:0,(anonymous_4)
FNDA:0,(anonymous_5)
FNDA:0,(anonymous_6)
DA:1,1
DA:4,1
DA:8,1
DA:10,1
DA:11,0
DA:12,0
DA:13,0
DA:14,0
DA:17,0
LF:9
LH:4
BRF:0
BRH:0
end_of_record
TN:
SF:./front-end/resources/js/promise/postDataQuery.js
FN:1,(anonymous_1)
FN:10,PostDataQuery
FN:11,(anonymous_3)
FN:12,(anonymous_4)
FN:13,(anonymous_5)
FN:16,(anonymous_6)
FNF:6
FNH:1
FNDA:1,(anonymous_1)
FNDA:0,PostDataQuery
FNDA:0,(anonymous_3)
FNDA:0,(anonymous_4)
FNDA:0,(anonymous_5)
FNDA:0,(anonymous_6)
DA:1,1
DA:4,1
DA:8,1
DA:10,1
DA:11,0
DA:12,0
DA:13,0
DA:14,0
DA:17,0
LF:9
LH:4
BRF:0
BRH:0
end_of_record
TN:
SF:./front-end/resources/js/promise/updateDataParams.js
FN:1,(anonymous_1)
FN:10,UpdateDataParams
FN:11,(anonymous_3)
FN:12,(anonymous_4)
FN:13,(anonymous_5)
FN:16,(anonymous_6)
FNF:6
FNH:1
FNDA:1,(anonymous_1)
FNDA:0,UpdateDataParams
FNDA:0,(anonymous_3)
FNDA:0,(anonymous_4)
FNDA:0,(anonymous_5)
FNDA:0,(anonymous_6)
DA:1,1
DA:4,1
DA:8,1
DA:10,1
DA:11,0
DA:12,0
DA:13,0
DA:14,0
DA:17,0
LF:9
LH:4
BRF:0
BRH:0
end_of_record
TN:
SF:./front-end/resources/js/router/routerhelper.js
FN:2,(anonymous_1)
FN:11,routerHelperProvider
FN:20,(anonymous_3)
FN:27,RouterHelper
FN:47,configureRoutes
FN:48,(anonymous_6)
FN:59,handleRoutingErrors
FN:64,(anonymous_8)
FN:82,init
FN:87,getStates
FN:89,updateDocTitle
FN:91,(anonymous_12)
FNF:12
FNH:9
FNDA:1,(anonymous_1)
FNDA:9,routerHelperProvider
FNDA:0,(anonymous_3)
FNDA:5,RouterHelper
FNDA:5,configureRoutes
FNDA:5,(anonymous_6)
FNDA:5,handleRoutingErrors
FNDA:0,(anonymous_8)
FNDA:5,init
FNDA:0,getStates
FNDA:5,updateDocTitle
FNDA:1,(anonymous_12)
DA:2,1
DA:5,1
DA:9,1
DA:11,1
DA:13,9
DA:18,9
DA:20,9
DA:21,0
DA:24,9
DA:25,9
DA:27,1
DA:28,5
DA:29,5
DA:30,5
DA:35,5
DA:41,5
DA:43,5
DA:47,1
DA:48,5
DA:49,5
DA:51,5
DA:53,5
DA:54,0
DA:55,0
DA:59,1
DA:63,5
DA:65,0
DA:66,0
DA:68,0
DA:69,0
DA:70,0
DA:73,0
DA:76,0
DA:77,0
DA:82,1
DA:83,5
DA:84,5
DA:87,1
DA:89,1
DA:90,5
DA:92,1
DA:93,1
DA:94,1
DA:95,1
LF:44
LH:33
BRDA:50,1,0,5
BRDA:50,1,1,5
BRDA:53,2,0,0
BRDA:53,2,1,5
BRDA:53,3,0,5
BRDA:53,3,1,0
BRDA:65,4,0,0
BRDA:65,4,1,0
BRDA:70,5,0,0
BRDA:70,5,1,0
BRDA:70,5,2,0
BRDA:70,5,3,0
BRDA:70,5,4,0
BRDA:74,6,0,0
BRDA:74,6,1,0
BRDA:74,7,0,0
BRDA:74,7,1,0
BRDA:75,8,0,0
BRDA:75,8,1,0
BRDA:94,9,0,1
BRDA:94,9,1,0
BRF:21
BRH:5
end_of_record
TN:
SF:./front-end/resources/js/routes/client/main/config.route.js
FN:1,(anonymous_1)
FN:10,appRun
FN:14,getRoutes
FNF:3
FNH:3
FNDA:1,(anonymous_1)
FNDA:5,appRun
FNDA:5,getRoutes
DA:1,1
DA:4,1
DA:8,1
DA:10,1
DA:11,5
DA:14,1
DA:15,5
LF:7
LH:7
BRF:0
BRH:0
end_of_record
TN:
SF:./front-end/resources/js/routes/client/main/main.js
FN:1,(anonymous_1)
FN:11,Main
FN:14,(anonymous_3)
FNF:3
FNH:3
FNDA:1,(anonymous_1)
FNDA:2,Main
FNDA:2,(anonymous_3)
DA:1,1
DA:4,1
DA:8,1
DA:11,1
DA:12,2
DA:14,2
DA:15,2
LF:7
LH:7
BRF:0
BRH:0
end_of_record
TN:
SF:./front-end/resources/js/routes/client/user.login/login.js
FN:1,(anonymous_1)
FN:11,Login
FN:20,getAuthorization
FN:22,(anonymous_4)
FN:28,getAuthorizationCallBack
FN:30,(anonymous_6)
FN:35,logInUser
FN:39,logOut
FN:43,login
FN:49,(anonymous_10)
FN:52,(anonymous_11)
FN:54,(anonymous_12)
FN:60,loginCallBack
FN:66,(anonymous_14)
FN:71,authenticate
FN:73,(anonymous_16)
FN:76,(anonymous_17)
FNF:17
FNH:1
FNDA:1,(anonymous_1)
FNDA:0,Login
FNDA:0,getAuthorization
FNDA:0,(anonymous_4)
FNDA:0,getAuthorizationCallBack
FNDA:0,(anonymous_6)
FNDA:0,logInUser
FNDA:0,logOut
FNDA:0,login
FNDA:0,(anonymous_10)
FNDA:0,(anonymous_11)
FNDA:0,(anonymous_12)
FNDA:0,loginCallBack
FNDA:0,(anonymous_14)
FNDA:0,authenticate
FNDA:0,(anonymous_16)
FNDA:0,(anonymous_17)
DA:1,1
DA:4,1
DA:9,1
DA:11,1
DA:12,0
DA:13,0
DA:14,0
DA:15,0
DA:16,0
DA:17,0
DA:18,0
DA:20,1
DA:21,0
DA:23,0
DA:24,0
DA:28,1
DA:29,0
DA:31,0
DA:35,1
DA:36,0
DA:39,1
DA:40,0
DA:43,1
DA:44,0
DA:46,0
DA:50,0
DA:51,0
DA:53,0
DA:54,0
DA:55,0
DA:60,1
DA:61,0
DA:67,0
DA:71,1
DA:72,0
DA:74,0
DA:75,0
DA:77,0
LF:38
LH:11
BRDA:44,1,0,0
BRDA:44,1,1,0
BRDA:74,2,0,0
BRDA:74,2,1,0
BRDA:77,3,0,0
BRDA:77,3,1,0
BRF:6
BRH:0
end_of_record
TN:
SF:./front-end/resources/js/routes/client/user.signup/signup.js
FN:1,(anonymous_1)
FN:19,Signup
FN:30,registerUser
FN:34,authenticate
FN:36,(anonymous_5)
FN:39,(anonymous_6)
FN:44,check_email_in_blurred
FN:49,(anonymous_8)
FN:60,signup
FN:67,(anonymous_10)
FN:71,(anonymous_11)
FN:74,(anonymous_12)
FNF:12
FNH:3
FNDA:1,(anonymous_1)
FNDA:4,Signup
FNDA:0,registerUser
FNDA:0,authenticate
FNDA:0,(anonymous_5)
FNDA:0,(anonymous_6)
FNDA:1,check_email_in_blurred
FNDA:0,(anonymous_8)
FNDA:0,signup
FNDA:0,(anonymous_10)
FNDA:0,(anonymous_11)
FNDA:0,(anonymous_12)
DA:1,1
DA:4,1
DA:8,1
DA:19,1
DA:23,4
DA:25,4
DA:26,4
DA:28,4
DA:30,1
DA:31,0
DA:34,1
DA:35,0
DA:37,0
DA:38,0
DA:40,0
DA:44,1
DA:45,1
DA:50,0
DA:52,0
DA:53,0
DA:55,0
DA:60,1
DA:61,0
DA:63,0
DA:68,0
DA:69,0
DA:70,0
DA:71,0
DA:72,0
DA:75,0
LF:30
LH:13
BRDA:37,1,0,0
BRDA:37,1,1,0
BRDA:52,2,0,0
BRDA:52,2,1,0
BRDA:61,3,0,0
BRDA:61,3,1,0
BRF:6
BRH:0
end_of_record
TN:
SF:./front-end/resources/js/services/api/user.js
FN:1,(anonymous_1)
FN:9,userAPI
FNF:2
FNH:2
FNDA:1,(anonymous_1)
FNDA:4,userAPI
DA:1,1
DA:4,1
DA:7,1
DA:9,1
DA:10,4
LF:5
LH:5
BRF:0
BRH:0
end_of_record
TN:
SF:./front-end/resources/js/services/authInterceptor.js
FN:1,(anonymous_1)
FN:11,authInterceptor
FN:13,(anonymous_3)
FN:18,(anonymous_4)
FNF:4
FNH:4
FNDA:1,(anonymous_1)
FNDA:7,authInterceptor
FNDA:1,(anonymous_3)
FNDA:1,(anonymous_4)
DA:1,1
DA:4,1
DA:8,1
DA:11,1
DA:12,7
DA:14,1
DA:15,1
DA:16,1
DA:19,1
LF:9
LH:9
BRDA:15,1,0,0
BRDA:15,1,1,1
BRF:2
BRH:1
end_of_record
TN:
SF:./front-end/resources/js/services/authToken.js
FN:1,(anonymous_1)
FN:11,authToken
FN:17,(anonymous_3)
FN:21,(anonymous_4)
FN:28,(anonymous_5)
FN:31,(anonymous_6)
FNF:6
FNH:3
FNDA:1,(anonymous_1)
FNDA:7,authToken
FNDA:0,(anonymous_3)
FNDA:1,(anonymous_4)
FNDA:0,(anonymous_5)
FNDA:0,(anonymous_6)
DA:1,1
DA:4,1
DA:8,1
DA:11,1
DA:12,7
DA:13,7
DA:14,7
DA:16,7
DA:18,0
DA:19,0
DA:22,1
DA:23,1
DA:26,1
DA:29,0
DA:32,0
DA:33,0
DA:37,7
LF:17
LH:12
BRDA:22,1,0,1
BRDA:22,1,1,0
BRF:2
BRH:1
end_of_record
TN:
SF:./front-end/resources/js/services/strapAlert.js
FN:1,(anonymous_1)
FN:10,strapAlert
FN:20,show
FN:24,hide
FN:28,alert
FNF:5
FNH:2
FNDA:1,(anonymous_1)
FNDA:4,strapAlert
FNDA:0,show
FNDA:0,hide
FNDA:0,alert
DA:1,1
DA:4,1
DA:8,1
DA:10,1
DA:11,4
DA:14,4
DA:16,4
DA:17,4
DA:18,4
DA:20,1
DA:21,0
DA:24,1
DA:25,0
DA:28,1
DA:29,0
DA:37,0
LF:16
LH:12
BRDA:32,1,0,0
BRDA:32,1,1,0
BRDA:33,2,0,0
BRDA:33,2,1,0
BRF:4
BRH:0
end_of_record
TN:
SF:./front-end/resources/js/services/strapModal.js
FN:1,(anonymous_1)
FN:10,strapModal
FN:18,show
FN:22,hide
FN:26,modal
FNF:5
FNH:2
FNDA:1,(anonymous_1)
FNDA:4,strapModal
FNDA:0,show
FNDA:0,hide
FNDA:0,modal
DA:1,1
DA:4,1
DA:8,1
DA:10,1
DA:11,4
DA:13,4
DA:14,4
DA:15,4
DA:16,4
DA:18,1
DA:19,0
DA:22,1
DA:23,0
DA:26,1
DA:27,0
DA:34,0
LF:16
LH:12
BRF:0
BRH:0
end_of_record
TN:
SF:./front-end/resources/js/test-helpers/bind-polyfill.js
FN:1,(anonymous_1)
FN:13,(anonymous_2)
FN:23,(anonymous_3)
FN:24,(anonymous_4)
FNF:4
FNH:1
FNDA:1,(anonymous_1)
FNDA:0,(anonymous_2)
FNDA:0,(anonymous_3)
FNDA:0,(anonymous_4)
DA:1,1
DA:11,1
DA:13,0
DA:14,0
DA:17,0
DA:18,0
DA:21,0
DA:25,0
DA:29,0
DA:30,0
DA:32,0
LF:11
LH:2
BRDA:11,1,0,0
BRDA:11,1,1,1
BRDA:14,2,0,0
BRDA:14,2,1,0
BRDA:25,3,0,0
BRDA:25,3,1,0
BRDA:25,4,0,0
BRDA:25,4,1,0
BRF:8
BRH:1
end_of_record
TN:
SF:./front-end/resources/js/widgets/switches.js
FN:1,(anonymous_1)
FN:9,tabSwitches
FN:17,link
FN:18,(anonymous_4)
FNF:4
FNH:1
FNDA:1,(anonymous_1)
FNDA:0,tabSwitches
FNDA:0,link
FNDA:0,(anonymous_4)
DA:1,1
DA:4,1
DA:9,1
DA:10,0
DA:15,0
DA:17,1
DA:18,0
DA:19,0
DA:20,0
DA:21,0
DA:22,0
DA:23,0
DA:26,0
LF:13
LH:4
BRDA:21,1,0,0
BRDA:21,1,1,0
BRDA:22,2,0,0
BRDA:22,2,1,0
BRF:4
BRH:0
end_of_record
